#
# There is insufficient memory for the Java Runtime Environment to continue.
# Native memory allocation (malloc) failed to allocate 724656 bytes for Chunk::new
# Possible reasons:
#   The system is out of physical RAM or swap space
#   The process is running with CompressedOops enabled, and the Java Heap may be blocking the growth of the native heap
# Possible solutions:
#   Reduce memory load on the system
#   Increase physical memory or swap space
#   Check if swap backing store is full
#   Decrease Java heap size (-Xmx/-Xms)
#   Decrease number of Java threads
#   Decrease Java thread stack sizes (-Xss)
#   Set larger code cache with -XX:ReservedCodeCacheSize=
#   JVM is running with Unscaled Compressed Oops mode in which the Java heap is
#     placed in the first 4GB address space. The Java Heap base address is the
#     maximum limit for the native heap growth. Please use -XX:HeapBaseMinAddress
#     to set the Java Heap base and to place the Java Heap above 4GB virtual address.
# This output file may be truncated or incomplete.
#
#  Out of Memory Error (allocation.cpp:389), pid=7280, tid=0x0000000000003158
#
# JRE version: OpenJDK Runtime Environment (8.0_242-b01) (build 1.8.0_242-release-1644-b01)
# Java VM: OpenJDK 64-Bit Server VM (25.242-b01 mixed mode windows-amd64 compressed oops)
# Failed to write core dump. Minidumps are not enabled by default on client versions of Windows
#

---------------  T H R E A D  ---------------

Current thread (0x0000000019dae800):  JavaThread "C2 CompilerThread1" daemon [_thread_in_native, id=12632, stack(0x000000001b4f0000,0x000000001b5f0000)]

Stack: [0x000000001b4f0000,0x000000001b5f0000]
[error occurred during error reporting (printing stack bounds), id 0xc0000005]

Native frames: (J=compiled Java code, j=interpreted, Vv=VM code, C=native code)


Current CompileTask:
C2: 806545 8222       4       org.gradle.cache.internal.btree.FreeListBlockStore$FreeListBlock::alloc (240 bytes)


---------------  P R O C E S S  ---------------

Java Threads: ( => current thread )
  0x00000000216a2000 JavaThread "stdout" [_thread_in_native, id=14436, stack(0x0000000028d30000,0x0000000028e30000)]
  0x00000000216a5800 JavaThread "stderr" [_thread_in_native, id=12400, stack(0x0000000028c30000,0x0000000028d30000)]
  0x00000000216a5000 JavaThread "pool-2-thread-1" [_thread_blocked, id=15252, stack(0x0000000028800000,0x0000000028900000)]
  0x00000000216a4000 JavaThread "WorkerExecutor Queue" [_thread_blocked, id=9564, stack(0x0000000028930000,0x0000000028a30000)]
  0x00000000216a2800 JavaThread "Cache worker for execution history cache (F:\StopWatch_\.gradle\6.1.1\executionHistory)" [_thread_blocked, id=3332, stack(0x0000000028700000,0x0000000028800000)]
  0x0000000020f79800 JavaThread "Execution worker for ':' Thread 11" [_thread_blocked, id=2116, stack(0x0000000028200000,0x0000000028300000)]
  0x0000000020f7e800 JavaThread "Execution worker for ':' Thread 10" [_thread_blocked, id=15308, stack(0x0000000028100000,0x0000000028200000)]
  0x0000000020f7c800 JavaThread "Execution worker for ':' Thread 9" [_thread_blocked, id=7064, stack(0x0000000028000000,0x0000000028100000)]
  0x0000000020f7f800 JavaThread "Execution worker for ':' Thread 8" [_thread_blocked, id=8680, stack(0x0000000027f00000,0x0000000028000000)]
  0x0000000020f7b800 JavaThread "Execution worker for ':' Thread 7" [_thread_blocked, id=10108, stack(0x0000000027e00000,0x0000000027f00000)]
  0x0000000020f7e000 JavaThread "Execution worker for ':' Thread 6" [_thread_blocked, id=3064, stack(0x0000000027d00000,0x0000000027e00000)]
  0x0000000020f78000 JavaThread "Execution worker for ':' Thread 5" [_thread_in_native, id=10520, stack(0x0000000027c00000,0x0000000027d00000)]
  0x0000000020f78800 JavaThread "Execution worker for ':' Thread 4" [_thread_in_vm, id=3036, stack(0x0000000027b00000,0x0000000027c00000)]
  0x0000000020f7b000 JavaThread "Execution worker for ':' Thread 3" [_thread_blocked, id=5808, stack(0x0000000027a00000,0x0000000027b00000)]
  0x0000000020f7d000 JavaThread "Execution worker for ':' Thread 2" [_thread_blocked, id=4276, stack(0x0000000027900000,0x0000000027a00000)]
  0x0000000020f70000 JavaThread "Execution worker for ':'" [_thread_blocked, id=10548, stack(0x0000000027800000,0x0000000027900000)]
  0x0000000020f73800 JavaThread "Cache worker for file content cache (F:\StopWatch_\.gradle\6.1.1\fileContent)" [_thread_blocked, id=9920, stack(0x0000000027300000,0x0000000027400000)]
  0x0000000020f74000 JavaThread "Cache worker for file content cache (C:\Users\ASUS\.gradle\caches\6.1.1\fileContent)" [_thread_blocked, id=10684, stack(0x0000000027200000,0x0000000027300000)]
  0x0000000020f77000 JavaThread "Memory manager" [_thread_blocked, id=2288, stack(0x0000000027100000,0x0000000027200000)]
  0x0000000020f72000 JavaThread "Cache worker for Build Output Cleanup Cache (F:\StopWatch_\.gradle\buildOutputCleanup)" [_thread_blocked, id=7180, stack(0x0000000026600000,0x0000000026700000)]
  0x0000000020f75800 JavaThread "pool-1-thread-1" [_thread_blocked, id=10152, stack(0x0000000026300000,0x0000000026400000)]
  0x0000000020f76800 JavaThread "Build operations Thread 12" [_thread_blocked, id=13504, stack(0x0000000025e00000,0x0000000025f00000)]
  0x0000000020f71000 JavaThread "Build operations Thread 11" [_thread_blocked, id=7260, stack(0x0000000025d00000,0x0000000025e00000)]
  0x0000000019dbd800 JavaThread "Build operations Thread 10" [_thread_blocked, id=11308, stack(0x0000000025c00000,0x0000000025d00000)]
  0x0000000019dbc800 JavaThread "Build operations Thread 9" [_thread_blocked, id=1904, stack(0x0000000025b00000,0x0000000025c00000)]
  0x0000000019db8000 JavaThread "Build operations Thread 8" [_thread_blocked, id=11852, stack(0x0000000025a00000,0x0000000025b00000)]
  0x0000000019dbf000 JavaThread "Build operations Thread 7" [_thread_blocked, id=13392, stack(0x0000000025900000,0x0000000025a00000)]
  0x0000000019dbc000 JavaThread "Build operations Thread 6" [_thread_blocked, id=5072, stack(0x0000000025800000,0x0000000025900000)]
  0x000000001cdd2000 JavaThread "Build operations Thread 5" [_thread_blocked, id=540, stack(0x0000000025700000,0x0000000025800000)]
  0x000000001cdd1800 JavaThread "Build operations Thread 4" [_thread_blocked, id=14848, stack(0x0000000025600000,0x0000000025700000)]
  0x000000001cdd0800 JavaThread "Build operations Thread 3" [_thread_blocked, id=11512, stack(0x0000000025500000,0x0000000025600000)]
  0x000000001cdcc000 JavaThread "Build operations Thread 2" [_thread_blocked, id=14500, stack(0x0000000023490000,0x0000000023590000)]
  0x000000001cdce800 JavaThread "Build operations" [_thread_blocked, id=11828, stack(0x0000000022110000,0x0000000022210000)]
  0x000000001cdcf000 JavaThread "Cache worker for cache directory md-rule (C:\Users\ASUS\.gradle\caches\6.1.1\md-rule)" [_thread_blocked, id=1432, stack(0x0000000022010000,0x0000000022110000)]
  0x000000001cdcd800 JavaThread "Cache worker for cache directory md-supplier (C:\Users\ASUS\.gradle\caches\6.1.1\md-supplier)" [_thread_blocked, id=14700, stack(0x0000000021d10000,0x0000000021e10000)]
  0x000000001cdd3000 JavaThread "Cache worker for file hash cache (F:\StopWatch_\.gradle\6.1.1\fileHashes)" [_thread_blocked, id=6680, stack(0x00000000209e0000,0x0000000020ae0000)]
  0x000000001cdd0000 JavaThread "Cache worker for checksums cache (F:\StopWatch_\.gradle\checksums)" [_thread_blocked, id=7416, stack(0x000000001f410000,0x000000001f510000)]
  0x000000001cdcd000 JavaThread "Thread-24" [_thread_blocked, id=12204, stack(0x000000001f310000,0x000000001f410000)]
  0x000000001cdca800 JavaThread "Stdin handler" [_thread_blocked, id=11760, stack(0x000000001f210000,0x000000001f310000)]
  0x000000001cdc7000 JavaThread "Asynchronous log dispatcher for DefaultDaemonConnection: socket connection from /127.0.0.1:50709 to /127.0.0.1:50815" [_thread_blocked, id=3456, stack(0x000000001f110000,0x000000001f210000)]
  0x000000001cdcb800 JavaThread "Daemon worker Thread 2" [_thread_blocked, id=13460, stack(0x000000001eb10000,0x000000001ec10000)]
  0x000000001cdc4800 JavaThread "Cancel handler" [_thread_blocked, id=5984, stack(0x0000000001740000,0x0000000001840000)]
  0x000000001cdc4000 JavaThread "Handler for socket connection from /127.0.0.1:50709 to /127.0.0.1:50815" [_thread_in_native, id=13136, stack(0x0000000001640000,0x0000000001740000)]
  0x000000001cdc8800 JavaThread "Daemon Thread 2" [_thread_blocked, id=560, stack(0x0000000001540000,0x0000000001640000)]
  0x0000000019dba800 JavaThread "Cache worker for execution history cache (C:\Users\ASUS\.gradle\caches\6.1.1\executionHistory)" [_thread_blocked, id=12116, stack(0x0000000023590000,0x0000000023690000)]
  0x0000000019dbb000 JavaThread "Cache worker for file hash cache (C:\Users\ASUS\.gradle\caches\6.1.1\fileHashes)" [_thread_blocked, id=9180, stack(0x000000001f910000,0x000000001fa10000)]
  0x0000000019dbe000 JavaThread "File lock request listener" [_thread_in_native, id=8464, stack(0x000000001f810000,0x000000001f910000)]
  0x000000001d5eb800 JavaThread "Cache worker for journal cache (C:\Users\ASUS\.gradle\caches\journal-1)" [_thread_blocked, id=10304, stack(0x000000001f710000,0x000000001f810000)]
  0x000000001d406000 JavaThread "Daemon periodic checks" [_thread_blocked, id=3412, stack(0x000000001ea10000,0x000000001eb10000)]
  0x000000001d404800 JavaThread "Incoming local TCP Connector on port 50709" [_thread_in_native, id=8372, stack(0x000000001e7d0000,0x000000001e8d0000)]
  0x000000001bb4b000 JavaThread "Daemon health stats" [_thread_blocked, id=8084, stack(0x000000001e190000,0x000000001e290000)]
  0x0000000019e33800 JavaThread "Service Thread" daemon [_thread_blocked, id=12572, stack(0x000000001b7f0000,0x000000001b8f0000)]
  0x0000000019db9800 JavaThread "C1 CompilerThread3" daemon [_thread_in_native, id=12216, stack(0x000000001b6f0000,0x000000001b7f0000)]
  0x0000000019db7800 JavaThread "C2 CompilerThread2" daemon [_thread_in_native, id=2248, stack(0x000000001b5f0000,0x000000001b6f0000)]
=>0x0000000019dae800 JavaThread "C2 CompilerThread1" daemon [_thread_in_native, id=12632, stack(0x000000001b4f0000,0x000000001b5f0000)]
  0x0000000019da3800 JavaThread "C2 CompilerThread0" daemon [_thread_in_native, id=9460, stack(0x000000001b3f0000,0x000000001b4f0000)]
  0x0000000019da1000 JavaThread "Attach Listener" daemon [_thread_blocked, id=8136, stack(0x000000001b2f0000,0x000000001b3f0000)]
  0x0000000019da0000 JavaThread "Signal Dispatcher" daemon [_thread_blocked, id=12364, stack(0x000000001b1f0000,0x000000001b2f0000)]
  0x000000000342b000 JavaThread "Finalizer" daemon [_thread_blocked, id=14944, stack(0x000000001aff0000,0x000000001b0f0000)]
  0x000000001869c800 JavaThread "Reference Handler" daemon [_thread_blocked, id=8560, stack(0x000000001aef0000,0x000000001aff0000)]
  0x000000000332e000 JavaThread "main" [_thread_blocked, id=7652, stack(0x00000000031f0000,0x00000000032f0000)]

Other Threads:
  0x0000000018696800 VMThread [stack: 0x000000001adf0000,0x000000001aef0000] [id=14948]
  0x0000000019e34000 WatcherThread [stack: 0x000000001b8f0000,0x000000001b9f0000] [id=15324]

VM state:not at safepoint (normal execution)

VM Mutex/Monitor currently owned by a thread: None

heap address: 0x0000000080000000, size: 2048 MB, Compressed Oops mode: 32-bit
Narrow klass base: 0x0000000000000000, Narrow klass shift: 3
Compressed class space size: 1073741824 Address: 0x0000000100000000

Heap:
 PSYoungGen      total 382464K, used 231940K [0x00000000d5580000, 0x00000000f3f80000, 0x0000000100000000)
  eden space 359936K, 64% used [0x00000000d5580000,0x00000000e3801048,0x00000000eb500000)
  from space 22528K, 0% used [0x00000000eb500000,0x00000000eb500000,0x00000000ecb00000)
  to   space 24576K, 0% used [0x00000000f2780000,0x00000000f2780000,0x00000000f3f80000)
 ParOldGen       total 125440K, used 32342K [0x0000000080000000, 0x0000000087a80000, 0x00000000d5580000)
  object space 125440K, 25% used [0x0000000080000000,0x0000000081f959f8,0x0000000087a80000)
 Metaspace       used 66149K, capacity 70966K, committed 71080K, reserved 1110016K
  class space    used 9220K, capacity 10098K, committed 10152K, reserved 1048576K

Card table byte_map: [0x00000000127f0000,0x0000000012c00000] byte_map_base: 0x00000000123f0000

Marking Bits: (ParMarkBitMap*) 0x000000007777f030
 Begin Bits: [0x00000000138b0000, 0x00000000158b0000)
 End Bits:   [0x00000000158b0000, 0x00000000178b0000)

Polling page: 0x0000000000fe0000

CodeCache: size=245760Kb used=23370Kb max_used=23379Kb free=222389Kb
 bounds [0x0000000003430000, 0x0000000004b20000, 0x0000000012430000]
 total_blobs=8276 nmethods=7480 adapters=709
 compilation: enabled

Compilation events (10 events):
Event: 806.538 Thread 0x0000000019db9800 8508       3       com.sun.org.apache.xerces.internal.impl.XMLScanner::scanComment (108 bytes)
Event: 806.539 Thread 0x0000000019db9800 nmethod 8508 0x0000000004b0dad0 code [0x0000000004b0dd40, 0x0000000004b0eba8]
Event: 806.539 Thread 0x0000000019db9800 8510       3       com.sun.org.apache.xerces.internal.impl.XMLDocumentFragmentScannerImpl$FragmentContentDriver::startOfMarkup (272 bytes)
Event: 806.541 Thread 0x0000000019db9800 nmethod 8510 0x0000000004b0f1d0 code [0x0000000004b0f4c0, 0x0000000004b108c8]
Event: 806.541 Thread 0x0000000019db9800 8509   !   3       com.sun.org.apache.xerces.internal.parsers.AbstractSAXParser::comment (39 bytes)
Event: 806.541 Thread 0x0000000019db9800 nmethod 8509 0x0000000004b11190 code [0x0000000004b11320, 0x0000000004b11638]
Event: 806.541 Thread 0x0000000019db9800 8511       3       com.android.utils.PositionXmlParser$DomBuilder::comment (70 bytes)
Event: 806.542 Thread 0x0000000019db9800 nmethod 8511 0x0000000004b117d0 code [0x0000000004b11a00, 0x0000000004b12728]
Event: 806.542 Thread 0x0000000019db9800 8512       3       com.sun.org.apache.xerces.internal.dom.CommentImpl::<init> (7 bytes)
Event: 806.543 Thread 0x0000000019db9800 nmethod 8512 0x0000000004b12e90 code [0x0000000004b13000, 0x0000000004b13310]

GC Heap History (10 events):
Event: 5.481 GC heap before
{Heap before GC invocations=8 (full 1):
 PSYoungGen      total 232960K, used 65493K [0x00000000d5580000, 0x00000000e6f00000, 0x0000000100000000)
  eden space 220160K, 24% used [0x00000000d5580000,0x00000000d893c580,0x00000000e2c80000)
  from space 12800K, 97% used [0x00000000e6280000,0x00000000e6eb8eb8,0x00000000e6f00000)
  to   space 15360K, 0% used [0x00000000e5100000,0x00000000e5100000,0x00000000e6000000)
 ParOldGen       total 57856K, used 7646K [0x0000000080000000, 0x0000000083880000, 0x00000000d5580000)
  object space 57856K, 13% used [0x0000000080000000,0x00000000807779f8,0x0000000083880000)
 Metaspace       used 34412K, capacity 35382K, committed 35496K, reserved 1079296K
  class space    used 4683K, capacity 4942K, committed 5032K, reserved 1048576K
Event: 5.491 GC heap after
Heap after GC invocations=8 (full 1):
 PSYoungGen      total 272896K, used 10013K [0x00000000d5580000, 0x00000000eda00000, 0x0000000100000000)
  eden space 257536K, 0% used [0x00000000d5580000,0x00000000d5580000,0x00000000e5100000)
  from space 15360K, 65% used [0x00000000e5100000,0x00000000e5ac7488,0x00000000e6000000)
  to   space 15360K, 0% used [0x00000000ecb00000,0x00000000ecb00000,0x00000000eda00000)
 ParOldGen       total 57856K, used 7654K [0x0000000080000000, 0x0000000083880000, 0x00000000d5580000)
  object space 57856K, 13% used [0x0000000080000000,0x00000000807799f8,0x0000000083880000)
 Metaspace       used 34412K, capacity 35382K, committed 35496K, reserved 1079296K
  class space    used 4683K, capacity 4942K, committed 5032K, reserved 1048576K
}
Event: 5.491 GC heap before
{Heap before GC invocations=9 (full 2):
 PSYoungGen      total 272896K, used 10013K [0x00000000d5580000, 0x00000000eda00000, 0x0000000100000000)
  eden space 257536K, 0% used [0x00000000d5580000,0x00000000d5580000,0x00000000e5100000)
  from space 15360K, 65% used [0x00000000e5100000,0x00000000e5ac7488,0x00000000e6000000)
  to   space 15360K, 0% used [0x00000000ecb00000,0x00000000ecb00000,0x00000000eda00000)
 ParOldGen       total 57856K, used 7654K [0x0000000080000000, 0x0000000083880000, 0x00000000d5580000)
  object space 57856K, 13% used [0x0000000080000000,0x00000000807799f8,0x0000000083880000)
 Metaspace       used 34412K, capacity 35382K, committed 35496K, reserved 1079296K
  class space    used 4683K, capacity 4942K, committed 5032K, reserved 1048576K
Event: 5.574 GC heap after
Heap after GC invocations=9 (full 2):
 PSYoungGen      total 272896K, used 0K [0x00000000d5580000, 0x00000000eda00000, 0x0000000100000000)
  eden space 257536K, 0% used [0x00000000d5580000,0x00000000d5580000,0x00000000e5100000)
  from space 15360K, 0% used [0x00000000e5100000,0x00000000e5100000,0x00000000e6000000)
  to   space 15360K, 0% used [0x00000000ecb00000,0x00000000ecb00000,0x00000000eda00000)
 ParOldGen       total 88064K, used 16437K [0x0000000080000000, 0x0000000085600000, 0x00000000d5580000)
  object space 88064K, 18% used [0x0000000080000000,0x000000008100d588,0x0000000085600000)
 Metaspace       used 34412K, capacity 35382K, committed 35496K, reserved 1079296K
  class space    used 4683K, capacity 4942K, committed 5032K, reserved 1048576K
}
Event: 801.794 GC heap before
{Heap before GC invocations=10 (full 2):
 PSYoungGen      total 272896K, used 257536K [0x00000000d5580000, 0x00000000eda00000, 0x0000000100000000)
  eden space 257536K, 100% used [0x00000000d5580000,0x00000000e5100000,0x00000000e5100000)
  from space 15360K, 0% used [0x00000000e5100000,0x00000000e5100000,0x00000000e6000000)
  to   space 15360K, 0% used [0x00000000ecb00000,0x00000000ecb00000,0x00000000eda00000)
 ParOldGen       total 88064K, used 16437K [0x0000000080000000, 0x0000000085600000, 0x00000000d5580000)
  object space 88064K, 18% used [0x0000000080000000,0x000000008100d588,0x0000000085600000)
 Metaspace       used 52226K, capacity 54440K, committed 54696K, reserved 1095680K
  class space    used 6988K, capacity 7527K, committed 7592K, reserved 1048576K
Event: 801.817 GC heap after
Heap after GC invocations=10 (full 2):
 PSYoungGen      total 375296K, used 15337K [0x00000000d5580000, 0x00000000ee600000, 0x0000000100000000)
  eden space 359936K, 0% used [0x00000000d5580000,0x00000000d5580000,0x00000000eb500000)
  from space 15360K, 99% used [0x00000000ecb00000,0x00000000ed9fa780,0x00000000eda00000)
  to   space 22528K, 0% used [0x00000000eb500000,0x00000000eb500000,0x00000000ecb00000)
 ParOldGen       total 88064K, used 26841K [0x0000000080000000, 0x0000000085600000, 0x00000000d5580000)
  object space 88064K, 30% used [0x0000000080000000,0x0000000081a365d8,0x0000000085600000)
 Metaspace       used 52226K, capacity 54440K, committed 54696K, reserved 1095680K
  class space    used 6988K, capacity 7527K, committed 7592K, reserved 1048576K
}
Event: 802.522 GC heap before
{Heap before GC invocations=11 (full 2):
 PSYoungGen      total 375296K, used 66579K [0x00000000d5580000, 0x00000000ee600000, 0x0000000100000000)
  eden space 359936K, 14% used [0x00000000d5580000,0x00000000d878a518,0x00000000eb500000)
  from space 15360K, 99% used [0x00000000ecb00000,0x00000000ed9fa780,0x00000000eda00000)
  to   space 22528K, 0% used [0x00000000eb500000,0x00000000eb500000,0x00000000ecb00000)
 ParOldGen       total 88064K, used 26841K [0x0000000080000000, 0x0000000085600000, 0x00000000d5580000)
  object space 88064K, 30% used [0x0000000080000000,0x0000000081a365d8,0x0000000085600000)
 Metaspace       used 56570K, capacity 58996K, committed 59160K, reserved 1099776K
  class space    used 7700K, capacity 8247K, committed 8360K, reserved 1048576K
Event: 802.537 GC heap after
Heap after GC invocations=11 (full 2):
 PSYoungGen      total 382464K, used 19151K [0x00000000d5580000, 0x00000000f3f80000, 0x0000000100000000)
  eden space 359936K, 0% used [0x00000000d5580000,0x00000000d5580000,0x00000000eb500000)
  from space 22528K, 85% used [0x00000000eb500000,0x00000000ec7b3d30,0x00000000ecb00000)
  to   space 24576K, 0% used [0x00000000f2780000,0x00000000f2780000,0x00000000f3f80000)
 ParOldGen       total 88064K, used 26849K [0x0000000080000000, 0x0000000085600000, 0x00000000d5580000)
  object space 88064K, 30% used [0x0000000080000000,0x0000000081a385d8,0x0000000085600000)
 Metaspace       used 56570K, capacity 58996K, committed 59160K, reserved 1099776K
  class space    used 7700K, capacity 8247K, committed 8360K, reserved 1048576K
}
Event: 802.537 GC heap before
{Heap before GC invocations=12 (full 3):
 PSYoungGen      total 382464K, used 19151K [0x00000000d5580000, 0x00000000f3f80000, 0x0000000100000000)
  eden space 359936K, 0% used [0x00000000d5580000,0x00000000d5580000,0x00000000eb500000)
  from space 22528K, 85% used [0x00000000eb500000,0x00000000ec7b3d30,0x00000000ecb00000)
  to   space 24576K, 0% used [0x00000000f2780000,0x00000000f2780000,0x00000000f3f80000)
 ParOldGen       total 88064K, used 26849K [0x0000000080000000, 0x0000000085600000, 0x00000000d5580000)
  object space 88064K, 30% used [0x0000000080000000,0x0000000081a385d8,0x0000000085600000)
 Metaspace       used 56570K, capacity 58996K, committed 59160K, reserved 1099776K
  class space    used 7700K, capacity 8247K, committed 8360K, reserved 1048576K
Event: 802.707 GC heap after
Heap after GC invocations=12 (full 3):
 PSYoungGen      total 382464K, used 0K [0x00000000d5580000, 0x00000000f3f80000, 0x0000000100000000)
  eden space 359936K, 0% used [0x00000000d5580000,0x00000000d5580000,0x00000000eb500000)
  from space 22528K, 0% used [0x00000000eb500000,0x00000000eb500000,0x00000000ecb00000)
  to   space 24576K, 0% used [0x00000000f2780000,0x00000000f2780000,0x00000000f3f80000)
 ParOldGen       total 125440K, used 32342K [0x0000000080000000, 0x0000000087a80000, 0x00000000d5580000)
  object space 125440K, 25% used [0x0000000080000000,0x0000000081f959f8,0x0000000087a80000)
 Metaspace       used 56518K, capacity 58822K, committed 59160K, reserved 1099776K
  class space    used 7684K, capacity 8218K, committed 8360K, reserved 1048576K
}

Deoptimization events (10 events):
Event: 804.735 Thread 0x0000000020f72000 Uncommon trap: reason=bimorphic action=maybe_recompile pc=0x00000000039ea4a8 method=java.io.DataOutputStream.writeShort(I)V @ 12
Event: 804.805 Thread 0x000000001cdcb800 Uncommon trap: reason=class_check action=maybe_recompile pc=0x00000000041211c0 method=java.lang.Throwable.<init>(Ljava/lang/String;Ljava/lang/Throwable;)V @ 24
Event: 804.807 Thread 0x0000000020f7b000 Uncommon trap: reason=class_check action=maybe_recompile pc=0x00000000041211c0 method=java.lang.Throwable.<init>(Ljava/lang/String;Ljava/lang/Throwable;)V @ 24
Event: 804.809 Thread 0x000000001cdcb800 Uncommon trap: reason=class_check action=maybe_recompile pc=0x00000000041211c0 method=java.lang.Throwable.<init>(Ljava/lang/String;Ljava/lang/Throwable;)V @ 24
Event: 804.809 Thread 0x0000000020f7b000 Uncommon trap: reason=class_check action=maybe_recompile pc=0x00000000041211c0 method=java.lang.Throwable.<init>(Ljava/lang/String;Ljava/lang/Throwable;)V @ 24
Event: 806.343 Thread 0x0000000020f78800 Uncommon trap: reason=unstable_if action=reinterpret pc=0x00000000036d693c method=sun.nio.cs.UTF_8$Decoder.decode([BII[C)I @ 30
Event: 806.343 Thread 0x0000000020f78800 Uncommon trap: reason=unstable_if action=reinterpret pc=0x000000000420b350 method=java.lang.StringCoding.safeTrim([CILjava/nio/charset/Charset;Z)[C @ 3
Event: 806.352 Thread 0x0000000020f78800 Uncommon trap: reason=unstable_if action=reinterpret pc=0x00000000042064d4 method=java.lang.StringCoding.safeTrim([CILjava/nio/charset/Charset;Z)[C @ 3
Event: 806.372 Thread 0x0000000020f78800 Uncommon trap: reason=unstable_if action=reinterpret pc=0x0000000004208868 method=java.lang.StringCoding.safeTrim([CILjava/nio/charset/Charset;Z)[C @ 3
Event: 806.515 Thread 0x0000000020f78800 Uncommon trap: reason=unstable_if action=reinterpret pc=0x0000000004399998 method=com.sun.org.apache.xerces.internal.util.SymbolTable.addSymbol([CII)Ljava/lang/String; @ 64

Classes redefined (0 events):
No events

Internal exceptions (10 events):
Event: 804.292 Thread 0x0000000020f7b800 Exception <a 'sun/nio/fs/WindowsException'> (0x00000000df09ab90) thrown at [C:\src\AOSP-openjdk-git\hotspot\src\share\vm\prims\jni.cpp, line 710]
Event: 804.336 Thread 0x0000000020f7b800 Exception <a 'java/lang/NoSuchMethodError': <clinit>> (0x00000000df86fdf8) thrown at [C:\src\AOSP-openjdk-git\hotspot\src\share\vm\prims\jni.cpp, line 1615]
Event: 804.337 Thread 0x0000000020f7b800 Exception <a 'java/lang/NoSuchMethodError': <clinit>> (0x00000000df87ee08) thrown at [C:\src\AOSP-openjdk-git\hotspot\src\share\vm\prims\jni.cpp, line 1615]
Event: 804.351 Thread 0x000000001cdcd000 Exception <a 'java/lang/NoSuchMethodError': <clinit>> (0x00000000d55dc5b0) thrown at [C:\src\AOSP-openjdk-git\hotspot\src\share\vm\prims\jni.cpp, line 1615]
Event: 804.364 Thread 0x00000000216a4000 Exception <a 'sun/nio/fs/WindowsException'> (0x00000000dfab4a48) thrown at [C:\src\AOSP-openjdk-git\hotspot\src\share\vm\prims\jni.cpp, line 710]
Event: 804.453 Thread 0x000000001cdd0800 Exception <a 'sun/nio/fs/WindowsException'> (0x00000000e05536c8) thrown at [C:\src\AOSP-openjdk-git\hotspot\src\share\vm\prims\jni.cpp, line 710]
Event: 804.458 Thread 0x000000001cdd0800 Exception <a 'sun/nio/fs/WindowsException'> (0x00000000e058a118) thrown at [C:\src\AOSP-openjdk-git\hotspot\src\share\vm\prims\jni.cpp, line 710]
Event: 804.489 Thread 0x000000001cdd0800 Exception <a 'sun/nio/fs/WindowsException'> (0x00000000e0590128) thrown at [C:\src\AOSP-openjdk-git\hotspot\src\share\vm\prims\jni.cpp, line 710]
Event: 804.809 Thread 0x0000000020f7b000 Exception <a 'java/io/IOException'> (0x00000000e07015c8) thrown at [C:\src\AOSP-openjdk-git\hotspot\src\share\vm\prims\jni.cpp, line 710]
Event: 804.809 Thread 0x000000001cdcb800 Exception <a 'java/io/IOException'> (0x00000000dd4e3f18) thrown at [C:\src\AOSP-openjdk-git\hotspot\src\share\vm\prims\jni.cpp, line 710]

Events (10 events):
Event: 806.501 loading class com/google/common/collect/LinkedListMultimap$DistinctKeyIterator done
Event: 806.501 loading class com/google/common/collect/LinkedListMultimap$1
Event: 806.501 loading class com/google/common/collect/LinkedListMultimap$1 done
Event: 806.502 loading class com/google/common/collect/LinkedListMultimap$ValueForKeyIterator
Event: 806.502 loading class com/google/common/collect/LinkedListMultimap$ValueForKeyIterator done
Event: 806.514 loading class com/sun/org/apache/xerces/internal/dom/AttrNSImpl
Event: 806.515 loading class com/sun/org/apache/xerces/internal/dom/AttrNSImpl done
Event: 806.515 Thread 0x0000000020f78800 Uncommon trap: trap_request=0xffffff65 fr.pc=0x0000000004399998
Event: 806.515 Thread 0x0000000020f78800 DEOPT PACKING pc=0x0000000004399998 sp=0x0000000027bfad70
Event: 806.515 Thread 0x0000000020f78800 DEOPT UNPACKING pc=0x000000000347557b sp=0x0000000027bfacf0 mode 2


Dynamic libraries:
0x00007ff7cafa0000 - 0x00007ff7cafd1000 	C:\Program Files\Android\Android Studio1\jre\bin\java.exe
0x00007ffe2ab00000 - 0x00007ffe2acf0000 	C:\WINDOWS\SYSTEM32\ntdll.dll
0x00007ffe28d10000 - 0x00007ffe28dc2000 	C:\WINDOWS\System32\KERNEL32.DLL
0x00007ffe28900000 - 0x00007ffe28ba5000 	C:\WINDOWS\System32\KERNELBASE.dll
0x00007ffe28f90000 - 0x00007ffe29033000 	C:\WINDOWS\System32\ADVAPI32.dll
0x00007ffe2a8d0000 - 0x00007ffe2a96e000 	C:\WINDOWS\System32\msvcrt.dll
0x00007ffe29430000 - 0x00007ffe294c7000 	C:\WINDOWS\System32\sechost.dll
0x00007ffe29100000 - 0x00007ffe29220000 	C:\WINDOWS\System32\RPCRT4.dll
0x00007ffe28dd0000 - 0x00007ffe28f64000 	C:\WINDOWS\System32\USER32.dll
0x00007ffe28140000 - 0x00007ffe28161000 	C:\WINDOWS\System32\win32u.dll
0x00007ffe2a7b0000 - 0x00007ffe2a7d6000 	C:\WINDOWS\System32\GDI32.dll
0x00007ffe27d80000 - 0x00007ffe27f16000 	C:\WINDOWS\System32\gdi32full.dll
0x00007ffe27b90000 - 0x00007ffe27c2e000 	C:\WINDOWS\System32\msvcp_win.dll
0x00007ffe28040000 - 0x00007ffe2813a000 	C:\WINDOWS\System32\ucrtbase.dll
0x00007ffe0ef90000 - 0x00007ffe0f214000 	C:\WINDOWS\WinSxS\amd64_microsoft.windows.common-controls_6595b64144ccf1df_6.0.18362.1198_none_9e820b57e45ad92f\COMCTL32.dll
0x00007ffe29ee0000 - 0x00007ffe2a215000 	C:\WINDOWS\System32\combase.dll
0x00007ffe27f70000 - 0x00007ffe27ff0000 	C:\WINDOWS\System32\bcryptPrimitives.dll
0x00007ffe29610000 - 0x00007ffe2963e000 	C:\WINDOWS\System32\IMM32.DLL
0x0000000076570000 - 0x0000000076642000 	C:\Program Files\Android\Android Studio1\jre\jre\bin\msvcr100.dll
0x0000000076fb0000 - 0x00000000777fb000 	C:\Program Files\Android\Android Studio1\jre\jre\bin\server\jvm.dll
0x00007ffe29420000 - 0x00007ffe29428000 	C:\WINDOWS\System32\PSAPI.DLL
0x00007ffe22f00000 - 0x00007ffe22f24000 	C:\WINDOWS\SYSTEM32\WINMM.dll
0x00007ffe22ff0000 - 0x00007ffe22ff9000 	C:\WINDOWS\SYSTEM32\WSOCK32.dll
0x00007ffe21560000 - 0x00007ffe2156a000 	C:\WINDOWS\SYSTEM32\VERSION.dll
0x00007ffe2a220000 - 0x00007ffe2a28f000 	C:\WINDOWS\System32\WS2_32.dll
0x00007ffe22ec0000 - 0x00007ffe22eed000 	C:\WINDOWS\SYSTEM32\WINMMBASE.dll
0x00007ffe27f20000 - 0x00007ffe27f6a000 	C:\WINDOWS\System32\cfgmgr32.dll
0x00007ffe22020000 - 0x00007ffe2202f000 	C:\Program Files\Android\Android Studio1\jre\jre\bin\verify.dll
0x00007ffe1e000000 - 0x00007ffe1e029000 	C:\Program Files\Android\Android Studio1\jre\jre\bin\java.dll
0x00007ffe09e00000 - 0x00007ffe09e16000 	C:\Program Files\Android\Android Studio1\jre\jre\bin\zip.dll
0x00007ffe297f0000 - 0x00007ffe29ed7000 	C:\WINDOWS\System32\SHELL32.dll
0x00007ffe29230000 - 0x00007ffe292d9000 	C:\WINDOWS\System32\shcore.dll
0x00007ffe28170000 - 0x00007ffe288f1000 	C:\WINDOWS\System32\windows.storage.dll
0x00007ffe279e0000 - 0x00007ffe27a03000 	C:\WINDOWS\System32\profapi.dll
0x00007ffe27a10000 - 0x00007ffe27a5a000 	C:\WINDOWS\System32\powrprof.dll
0x00007ffe279b0000 - 0x00007ffe279c0000 	C:\WINDOWS\System32\UMPDC.dll
0x00007ffe293c0000 - 0x00007ffe29412000 	C:\WINDOWS\System32\shlwapi.dll
0x00007ffe279c0000 - 0x00007ffe279d1000 	C:\WINDOWS\System32\kernel.appcore.dll
0x00007ffe27ff0000 - 0x00007ffe28007000 	C:\WINDOWS\System32\cryptsp.dll
0x00007ffe09de0000 - 0x00007ffe09dfa000 	C:\Program Files\Android\Android Studio1\jre\jre\bin\net.dll
0x00007ffe27200000 - 0x00007ffe27267000 	C:\WINDOWS\system32\mswsock.dll
0x00007ffe09dc0000 - 0x00007ffe09dd3000 	C:\Program Files\Android\Android Studio1\jre\jre\bin\nio.dll
0x00007ffe20a60000 - 0x00007ffe20a86000 	C:\Users\ASUS\.gradle\native\31\windows-amd64\native-platform.dll
0x00007ffe20920000 - 0x00007ffe2092d000 	C:\Program Files\Android\Android Studio1\jre\jre\bin\management.dll
0x00007ffe26d70000 - 0x00007ffe26da3000 	C:\WINDOWS\system32\rsaenh.dll
0x00007ffe28010000 - 0x00007ffe28036000 	C:\WINDOWS\System32\bcrypt.dll
0x00007ffe278d0000 - 0x00007ffe278f5000 	C:\WINDOWS\SYSTEM32\USERENV.dll
0x00007ffe273d0000 - 0x00007ffe273dc000 	C:\WINDOWS\SYSTEM32\CRYPTBASE.dll
0x00007ffe26f10000 - 0x00007ffe26f4a000 	C:\WINDOWS\SYSTEM32\IPHLPAPI.DLL
0x00007ffe292e0000 - 0x00007ffe292e8000 	C:\WINDOWS\System32\NSI.dll
0x00007ffe1e220000 - 0x00007ffe1e236000 	C:\WINDOWS\SYSTEM32\dhcpcsvc6.DLL
0x00007ffe1e790000 - 0x00007ffe1e7ac000 	C:\WINDOWS\SYSTEM32\dhcpcsvc.DLL
0x00007ffe26f50000 - 0x00007ffe2701b000 	C:\WINDOWS\SYSTEM32\DNSAPI.dll
0x00007ffe255d0000 - 0x00007ffe2565f000 	C:\WINDOWS\system32\apphelp.dll

VM Arguments:
jvm_args: -Xmx2048m -Dfile.encoding=windows-1252 -Duser.country=IN -Duser.language=en -Duser.variant 
java_command: org.gradle.launcher.daemon.bootstrap.GradleDaemon 6.1.1
java_class_path (initial): C:\Users\ASUS\.gradle\wrapper\dists\gradle-6.1.1-all\cfmwm155h49vnt3hynmlrsdst\gradle-6.1.1\lib\gradle-launcher-6.1.1.jar
Launcher Type: SUN_STANDARD

Environment Variables:
PATH=C:\Program Files (x86)\Common Files\Oracle\Java\javapath;C:\Program Files (x86)\Intel\Intel(R) Management Engine Components\iCLS\;C:\Program Files\Intel\Intel(R) Management Engine Components\iCLS\;C:\Windows\system32;C:\Windows;C:\Windows\System32\Wbem;C:\Windows\System32\WindowsPowerShell\v1.0\;C:\Windows\System32\OpenSSH\;C:\Program Files (x86)\Intel\Intel(R) Management Engine Components\DAL;C:\Program Files\Intel\Intel(R) Management Engine Components\DAL;C:\Program Files (x86)\Intel\Intel(R) Management Engine Components\IPT;C:\Program Files\Intel\Intel(R) Management Engine Components\IPT;C:\Program Files (x86)\NVIDIA Corporation\PhysX\Common;C:\Program Files\Intel\WiFi\bin\;C:\Program Files\Common Files\Intel\WirelessCommon\;C:\WINDOWS\system32;C:\WINDOWS;C:\WINDOWS\System32\Wbem;C:\WINDOWS\System32\WindowsPowerShell\v1.0\;C:\WINDOWS\System32\OpenSSH\;C:\Program Files\nodejs\;C:\Program Files\Git\cmd;C:\Users\ASUS\AppData\Local\Microsoft\WindowsApps;C:\Users\ASUS\AppData\Roaming\npm
USERNAME=Vanshika
OS=Windows_NT
PROCESSOR_IDENTIFIER=Intel64 Family 6 Model 158 Stepping 10, GenuineIntel



---------------  S Y S T E M  ---------------

OS: Windows 10.0 , 64 bit Build 18362 (10.0.18362.1110)

CPU:total 12 (initial active 12) (6 cores per cpu, 2 threads per core) family 6 model 158 stepping 10, cmov, cx8, fxsr, mmx, sse, sse2, sse3, ssse3, sse4.1, sse4.2, popcnt, avx, avx2, aes, clmul, erms, 3dnowpref, lzcnt, ht, tsc, tscinvbit, bmi1, bmi2, adx

Memory: 4k page, physical 8239996k(618120k free), swap 10254980k(6196k free)

vm_info: OpenJDK 64-Bit Server VM (25.242-b01) for windows-amd64 JRE (1.8.0_242-release-1644-b01), built by "builder" with MS VC++ 10.0 (VS2010)

time: Sun Nov 22 11:45:51 2020
timezone: India Standard Time
elapsed time: 806 seconds (0d 0h 13m 26s)

